<?xml version="1.0" encoding="UTF-8"?>
<!-- Generated by org.testng.reporters.JUnitXMLReporter -->
<testsuite ignored="5" hostname="DESKTOP-G3K29R7" failures="0" tests="2" name="Default test" time="3.558" errors="0" timestamp="2023-08-03T12:11:25 IST">
  <testcase classname="com.example.demo.TestAadharApplication" name="adminloginTest" time="1.592"/>
  <testcase classname="com.example.demo.TestAadharApplication" name="deleteCitizenTest" time="0.069"/>
  <testcase classname="com.example.demo.TestAadharApplication" name="applyAadharTest" time="0.0">
    <ignored/>
  </testcase> <!-- applyAadharTest -->
  <testcase classname="com.example.demo.TestAadharApplication" name="updateAadharTest" time="0.0">
    <ignored/>
  </testcase> <!-- updateAadharTest -->
  <testcase classname="com.example.demo.TestAadharApplication" name="userLoginTest" time="0.0">
    <ignored/>
  </testcase> <!-- userLoginTest -->
  <testcase classname="com.example.demo.TestAadharApplication" name="viewAadharTest" time="0.0">
    <ignored/>
  </testcase> <!-- viewAadharTest -->
  <testcase classname="com.example.demo.TestAadharApplication" name="aadharApproveTest" time="0.0">
    <ignored/>
  </testcase> <!-- aadharApproveTest -->
</testsuite> <!-- Default test -->
