<?xml version="1.0" encoding="UTF-8"?>
<testng-results ignored="0" total="2" passed="2" failed="0" skipped="0">
  <reporter-output>
    <line>
      <![CDATA[Admin Login Testes Successfully!]]>
    </line>
  </reporter-output>
  <suite started-at="2023-08-03T12:11:22 IST" name="Default suite" finished-at="2023-08-03T12:11:25 IST" duration-ms="3558">
    <groups>
    </groups>
    <test started-at="2023-08-03T12:11:22 IST" name="Default test" finished-at="2023-08-03T12:11:25 IST" duration-ms="3558">
      <class name="com.example.demo.TestAadharApplication">
        <test-method is-config="true" signature="beforeTest()[pri:0, instance:com.example.demo.TestAadharApplication@4e0ae11f]" started-at="2023-08-03T12:11:22 IST" name="beforeTest" finished-at="2023-08-03T12:11:24 IST" duration-ms="1849" status="PASS">
          <reporter-output>
          </reporter-output>
        </test-method> <!-- beforeTest -->
        <test-method signature="adminloginTest()[pri:5, instance:com.example.demo.TestAadharApplication@4e0ae11f]" started-at="2023-08-03T12:11:24 IST" name="adminloginTest" finished-at="2023-08-03T12:11:25 IST" duration-ms="1592" status="PASS">
          <reporter-output>
            <line>
              <![CDATA[Admin Login Testes Successfully!]]>
            </line>
          </reporter-output>
        </test-method> <!-- adminloginTest -->
        <test-method signature="deleteCitizenTest()[pri:7, instance:com.example.demo.TestAadharApplication@4e0ae11f]" started-at="2023-08-03T12:11:25 IST" name="deleteCitizenTest" finished-at="2023-08-03T12:11:25 IST" duration-ms="69" status="PASS">
          <reporter-output>
          </reporter-output>
        </test-method> <!-- deleteCitizenTest -->
      </class> <!-- com.example.demo.TestAadharApplication -->
    </test> <!-- Default test -->
  </suite> <!-- Default suite -->
</testng-results>
